<?xml version="1.0" encoding="utf-8"?><testsuites><testsuite errors="0" failures="0" hostname="Thegaijin" name="pytest" skipped="0" tests="19" time="12.767" timestamp="2020-11-24T23:39:57.619780"><testcase classname="tests.test_auth.UserTestCase" file="tests/test_auth.py" line="46" name="test_login_fails" time="0.859"></testcase><testcase classname="tests.test_auth.UserTestCase" file="tests/test_auth.py" line="67" name="test_reset_password" time="0.822"></testcase><testcase classname="tests.test_auth.UserTestCase" file="tests/test_auth.py" line="38" name="test_unregistered_user_login_fails" time="0.256"></testcase><testcase classname="tests.test_auth.UserTestCase" file="tests/test_auth.py" line="19" name="test_user_already_exists" time="0.306"></testcase><testcase classname="tests.test_auth.UserTestCase" file="tests/test_auth.py" line="10" name="test_user_registration" time="0.325"></testcase><testcase classname="tests.test_auth.UserTestCase" file="tests/test_auth.py" line="29" name="test_user_successful_login" time="0.553"></testcase><testcase classname="tests.test_auth.UserTestCase" file="tests/test_auth.py" line="56" name="test_valid_logout" time="0.564"></testcase><testcase classname="tests.test_categories.CategoryTestCase" file="tests/test_categories.py" line="26" name="test_category_already_exists" time="0.573"></testcase><testcase classname="tests.test_categories.CategoryTestCase" file="tests/test_categories.py" line="10" name="test_create_category" time="0.577"></testcase><testcase classname="tests.test_categories.CategoryTestCase" file="tests/test_categories.py" line="105" name="test_delete_category" time="0.581"></testcase><testcase classname="tests.test_categories.CategoryTestCase" file="tests/test_categories.py" line="87" name="test_edit_category" time="0.593"></testcase><testcase classname="tests.test_categories.CategoryTestCase" file="tests/test_categories.py" line="63" name="test_view_all_categories" time="0.593"></testcase><testcase classname="tests.test_categories.CategoryTestCase" file="tests/test_categories.py" line="43" name="test_view_category" time="0.615"></testcase><testcase classname="tests.test_recipes.RecipeTestCase" file="tests/test_recipes.py" line="10" name="test_create_recipe" time="0.843"></testcase><testcase classname="tests.test_recipes.RecipeTestCase" file="tests/test_recipes.py" line="121" name="test_delete_recipe" time="0.860"></testcase><testcase classname="tests.test_recipes.RecipeTestCase" file="tests/test_recipes.py" line="97" name="test_edit_recipe" time="0.852"></testcase><testcase classname="tests.test_recipes.RecipeTestCase" file="tests/test_recipes.py" line="29" name="test_recipe_already_exits" time="0.830"></testcase><testcase classname="tests.test_recipes.RecipeTestCase" file="tests/test_recipes.py" line="71" name="test_view_all_recipes" time="0.839"></testcase><testcase classname="tests.test_recipes.RecipeTestCase" file="tests/test_recipes.py" line="49" name="test_view_recipe_in_category" time="0.838"></testcase></testsuite></testsuites>